2022 10 02 20:59/: Test suite started 
SLF4J: Failed to load class "org.slf4j.impl.StaticLoggerBinder".
SLF4J: Defaulting to no-operation (NOP) logger implementation
SLF4J: See http://www.slf4j.org/codes.html#StaticLoggerBinder for further details.
log4j:WARN No appenders could be found for logger (io.netty.util.internal.logging.InternalLoggerFactory).
log4j:WARN Please initialize the log4j system properly.
Starting ChromeDriver 105.0.5195.52 (412c95e518836d8a7d97250d62b29c2ae6a26a85-refs/branch-heads/5195@{#853}) on port 38747
Only local connections are allowed.
Please see https://chromedriver.chromium.org/security-considerations for suggestions on keeping ChromeDriver safe.
ChromeDriver was started successfully.
Oct 02, 2022 8:59:55 PM org.openqa.selenium.remote.ProtocolHandshake createSession
INFO: Detected upstream dialect: W3C
Oct 02, 2022 8:59:56 PM org.openqa.selenium.devtools.CdpVersionFinder findNearestMatch
WARNING: Unable to find an exact match for CDP version 105, so returning the closest version found: 104
Oct 02, 2022 8:59:56 PM org.openqa.selenium.devtools.CdpVersionFinder findNearestMatch
INFO: Found CDP implementation for version 105 of 104
Correct URL hit on chrome
CRS
2022 10 02 21:00/
javax.mail.MessagingException: IOException while sending message;
  nested exception is:
	java.io.FileNotFoundException: /home/user/Desktop/Udemy/Test/Console_Output.txt (No such file or directory)
	at com.sun.mail.smtp.SMTPTransport.sendMessage(SMTPTransport.java:1365)
	at Utilities.TestReportSender.sendPDFReportByGMail(TestReportSender.java:106)
	at Utilities.Utils.endSuite(Utils.java:170)
	at java.base/jdk.internal.reflect.NativeMethodAccessorImpl.invoke0(Native Method)
	at java.base/jdk.internal.reflect.NativeMethodAccessorImpl.invoke(NativeMethodAccessorImpl.java:62)
	at java.base/jdk.internal.reflect.DelegatingMethodAccessorImpl.invoke(DelegatingMethodAccessorImpl.java:43)
	at java.base/java.lang.reflect.Method.invoke(Method.java:566)
	at org.testng.internal.MethodInvocationHelper.invokeMethod(MethodInvocationHelper.java:124)
	at org.testng.internal.MethodInvocationHelper.invokeMethodConsideringTimeout(MethodInvocationHelper.java:59)
	at org.testng.internal.Invoker.invokeConfigurationMethod(Invoker.java:458)
	at org.testng.internal.Invoker.invokeConfigurations(Invoker.java:222)
	at org.testng.internal.Invoker.invokeConfigurations(Invoker.java:142)
	at org.testng.SuiteRunner.privateRun(SuiteRunner.java:425)
	at org.testng.SuiteRunner.run(SuiteRunner.java:364)
	at org.testng.SuiteRunnerWorker.runSuite(SuiteRunnerWorker.java:52)
	at org.testng.SuiteRunnerWorker.run(SuiteRunnerWorker.java:84)
	at org.testng.TestNG.runSuitesSequentially(TestNG.java:1208)
	at org.testng.TestNG.runSuitesLocally(TestNG.java:1137)
	at org.testng.TestNG.runSuites(TestNG.java:1049)
	at org.testng.TestNG.run(TestNG.java:1017)
	at com.intellij.rt.testng.IDEARemoteTestNG.run(IDEARemoteTestNG.java:66)
	at com.intellij.rt.testng.RemoteTestNGStarter.main(RemoteTestNGStarter.java:109)
Caused by: java.io.FileNotFoundException: /home/user/Desktop/Udemy/Test/Console_Output.txt (No such file or directory)
	at java.base/java.io.FileInputStream.open0(Native Method)
	at java.base/java.io.FileInputStream.open(FileInputStream.java:219)
	at java.base/java.io.FileInputStream.<init>(FileInputStream.java:157)
	at javax.activation.FileDataSource.getInputStream(FileDataSource.java:110)
	at javax.activation.DataHandler.writeTo(DataHandler.java:318)
	at javax.mail.internet.MimeBodyPart.writeTo(MimeBodyPart.java:1694)
	at javax.mail.internet.MimeBodyPart.writeTo(MimeBodyPart.java:996)
	at javax.mail.internet.MimeMultipart.writeTo(MimeMultipart.java:561)
	at com.sun.mail.handlers.multipart_mixed.writeTo(multipart_mixed.java:84)
	at javax.activation.ObjectDataContentHandler.writeTo(DataHandler.java:897)
	at javax.activation.DataHandler.writeTo(DataHandler.java:330)
	at javax.mail.internet.MimeBodyPart.writeTo(MimeBodyPart.java:1694)
	at javax.mail.internet.MimeMessage.writeTo(MimeMessage.java:1913)
	at com.sun.mail.smtp.SMTPTransport.sendMessage(SMTPTransport.java:1315)
	... 21 more

===============================================
Test_Suite
Total tests run: 3, Failures: 0, Skips: 0
===============================================

