<?xml version="1.0" encoding="UTF-8"?>
<testng-results ignored="1" total="4" passed="1" failed="1" skipped="1">
  <reporter-output>
  </reporter-output>
  <suite started-at="2022-10-02T11:22:08Z" name="Test_Suite" finished-at="2022-10-02T11:22:37Z" duration-ms="29719">
    <groups>
    </groups>
    <test started-at="2022-10-02T11:22:08Z" name="Sub_Suite_1" finished-at="2022-10-02T11:22:37Z" duration-ms="29719">
      <class name="PSSTestRunner.PSSTestRunner">
        <test-method is-config="true" signature="Intialize(java.lang.String, java.lang.String)[pri:0, instance:PSSTestRunner.PSSTestRunner@465232e9]" started-at="2022-10-02T11:22:08Z" name="Intialize" finished-at="2022-10-02T11:22:14Z" duration-ms="6901" status="PASS">
          <params>
            <param index="0">
              <value>
                <![CDATA[chrome]]>
              </value>
            </param>
            <param index="1">
              <value>
                <![CDATA[https://flyegypt.avtra.com/admin/login]]>
              </value>
            </param>
          </params>
          <reporter-output>
          </reporter-output>
        </test-method> <!-- Intialize -->
        <test-method is-config="true" signature="validateCurrentURL(java.lang.String, java.lang.String)[pri:0, instance:PSSTestRunner.PSSTestRunner@465232e9]" started-at="2022-10-02T11:22:14Z" name="validateCurrentURL" finished-at="2022-10-02T11:22:15Z" depends-on-methods="Utilities.Browser_Base.Intialize" duration-ms="178" status="PASS">
          <params>
            <param index="0">
              <value>
                <![CDATA[https://flyegypt.avtra.com/admin/login]]>
              </value>
            </param>
            <param index="1">
              <value>
                <![CDATA[chrome]]>
              </value>
            </param>
          </params>
          <reporter-output>
          </reporter-output>
        </test-method> <!-- validateCurrentURL -->
        <test-method is-config="true" signature="implicitwait()[pri:0, instance:PSSTestRunner.PSSTestRunner@465232e9]" started-at="2022-10-02T11:22:15Z" name="implicitwait" finished-at="2022-10-02T11:22:15Z" duration-ms="25" status="PASS">
          <reporter-output>
          </reporter-output>
        </test-method> <!-- implicitwait -->
        <test-method signature="LogInToThePSSAdmin()[pri:1, instance:PSSTestRunner.PSSTestRunner@465232e9]" started-at="2022-10-02T11:22:15Z" name="LogInToThePSSAdmin" description="PSS Log in test case" finished-at="2022-10-02T11:22:16Z" duration-ms="1425" status="PASS">
          <reporter-output>
          </reporter-output>
        </test-method> <!-- LogInToThePSSAdmin -->
        <test-method is-config="true" signature="implicitwait()[pri:0, instance:PSSTestRunner.PSSTestRunner@465232e9]" started-at="2022-10-02T11:22:16Z" name="implicitwait" finished-at="2022-10-02T11:22:16Z" duration-ms="21" status="PASS">
          <reporter-output>
          </reporter-output>
        </test-method> <!-- implicitwait -->
        <test-method signature="ClickOnToogleMenu()[pri:1, instance:PSSTestRunner.PSSTestRunner@465232e9]" started-at="2022-10-02T11:22:16Z" name="ClickOnToogleMenu" description="Click on toogle menu test case" finished-at="2022-10-02T11:22:37Z" duration-ms="20357" status="FAIL">
          <exception class="org.openqa.selenium.TimeoutException">
            <message>
              <![CDATA[Expected condition failed: waiting for element to be clickable: Proxy element for: DefaultElementLocator 'By.xpath: /html/body/header/a
' (tried for 10 second(s) with 500 milliseconds interval)]]>
            </message>
            <full-stacktrace>
              <![CDATA[org.openqa.selenium.TimeoutException: Expected condition failed: waiting for element to be clickable: Proxy element for: DefaultElementLocator 'By.xpath: /html/body/header/a
' (tried for 10 second(s) with 500 milliseconds interval)
at org.openqa.selenium.support.ui.WebDriverWait.timeoutException(WebDriverWait.java:87)
at org.openqa.selenium.support.ui.FluentWait.until(FluentWait.java:231)
at Utilities.Utils.explicitWaitElementClickable(Utils.java:43)
at PSS_Pages.PSS_Home_Page.AdminHomePageMethods.clickToogleMenu(AdminHomePageMethods.java:17)
at PSSTestRunner.PSSTestRunner.ClickOnToogleMenu(PSSTestRunner.java:60)
at java.base/jdk.internal.reflect.NativeMethodAccessorImpl.invoke0(Native Method)
at java.base/jdk.internal.reflect.NativeMethodAccessorImpl.invoke(NativeMethodAccessorImpl.java:62)
at java.base/jdk.internal.reflect.DelegatingMethodAccessorImpl.invoke(DelegatingMethodAccessorImpl.java:43)
at java.base/java.lang.reflect.Method.invoke(Method.java:566)
at org.testng.internal.MethodInvocationHelper.invokeMethod(MethodInvocationHelper.java:124)
at org.testng.internal.Invoker.invokeMethod(Invoker.java:583)
at org.testng.internal.Invoker.invokeTestMethod(Invoker.java:719)
at org.testng.internal.Invoker.invokeTestMethods(Invoker.java:989)
at org.testng.internal.TestMethodWorker.invokeTestMethods(TestMethodWorker.java:125)
at org.testng.internal.TestMethodWorker.run(TestMethodWorker.java:109)
at org.testng.TestRunner.privateRun(TestRunner.java:648)
at org.testng.TestRunner.run(TestRunner.java:505)
at org.testng.SuiteRunner.runTest(SuiteRunner.java:455)
at org.testng.SuiteRunner.runSequentially(SuiteRunner.java:450)
at org.testng.SuiteRunner.privateRun(SuiteRunner.java:415)
at org.testng.SuiteRunner.run(SuiteRunner.java:364)
at org.testng.SuiteRunnerWorker.runSuite(SuiteRunnerWorker.java:52)
at org.testng.SuiteRunnerWorker.run(SuiteRunnerWorker.java:84)
at org.testng.TestNG.runSuitesSequentially(TestNG.java:1208)
at org.testng.TestNG.runSuitesLocally(TestNG.java:1137)
at org.testng.TestNG.runSuites(TestNG.java:1049)
at org.testng.TestNG.run(TestNG.java:1017)
at org.apache.maven.surefire.testng.TestNGExecutor.run(TestNGExecutor.java:284)
at org.apache.maven.surefire.testng.TestNGXmlTestSuite.execute(TestNGXmlTestSuite.java:75)
at org.apache.maven.surefire.testng.TestNGProvider.invoke(TestNGProvider.java:119)
at org.apache.maven.surefire.booter.ForkedBooter.runSuitesInProcess(ForkedBooter.java:428)
at org.apache.maven.surefire.booter.ForkedBooter.execute(ForkedBooter.java:162)
at org.apache.maven.surefire.booter.ForkedBooter.run(ForkedBooter.java:562)
at org.apache.maven.surefire.booter.ForkedBooter.main(ForkedBooter.java:548)
Caused by: org.openqa.selenium.NoSuchElementException: no such element: Unable to locate element: {"method":"xpath","selector":"/html/body/header/a
"}
  (Session info: chrome=105.0.5195.125)
For documentation on this error, please visit: https://selenium.dev/exceptions/#no_such_element
Build info: version: '4.4.0', revision: 'e5c75ed026a'
System info: host: 'dell-inspiron-5559', ip: '192.168.1.100', os.name: 'Linux', os.arch: 'amd64', os.version: '5.3.0-59-generic', java.version: '11.0.7'
Driver info: org.openqa.selenium.chrome.ChromeDriver
Command: [799d1e5a7aaa21142f12e0ea95d55900, findElement {using=xpath, value=/html/body/header/a
}]
Capabilities {acceptInsecureCerts: false, browserName: chrome, browserVersion: 105.0.5195.125, chrome: {chromedriverVersion: 105.0.5195.52 (412c95e51883..., userDataDir: /tmp/.com.google.Chrome.U0Di86}, goog:chromeOptions: {debuggerAddress: localhost:35365}, networkConnectionEnabled: false, pageLoadStrategy: normal, platformName: LINUX, proxy: Proxy(), se:cdp: ws://localhost:35365/devtoo..., se:cdpVersion: 105.0.5195.125, setWindowRect: true, strictFileInteractability: false, timeouts: {implicit: 0, pageLoad: 300000, script: 30000}, unhandledPromptBehavior: dismiss and notify, webauthn:extension:credBlob: true, webauthn:extension:largeBlob: true, webauthn:virtualAuthenticators: true}
Session ID: 799d1e5a7aaa21142f12e0ea95d55900
at java.base/jdk.internal.reflect.NativeConstructorAccessorImpl.newInstance0(Native Method)
at java.base/jdk.internal.reflect.NativeConstructorAccessorImpl.newInstance(NativeConstructorAccessorImpl.java:62)
at java.base/jdk.internal.reflect.DelegatingConstructorAccessorImpl.newInstance(DelegatingConstructorAccessorImpl.java:45)
at java.base/java.lang.reflect.Constructor.newInstance(Constructor.java:490)
at org.openqa.selenium.remote.codec.w3c.W3CHttpResponseCodec.createException(W3CHttpResponseCodec.java:200)
at org.openqa.selenium.remote.codec.w3c.W3CHttpResponseCodec.decode(W3CHttpResponseCodec.java:133)
at org.openqa.selenium.remote.codec.w3c.W3CHttpResponseCodec.decode(W3CHttpResponseCodec.java:53)
at org.openqa.selenium.remote.HttpCommandExecutor.execute(HttpCommandExecutor.java:184)
at org.openqa.selenium.remote.service.DriverCommandExecutor.invokeExecute(DriverCommandExecutor.java:167)
at org.openqa.selenium.remote.service.DriverCommandExecutor.execute(DriverCommandExecutor.java:142)
at org.openqa.selenium.remote.RemoteWebDriver.execute(RemoteWebDriver.java:547)
at org.openqa.selenium.remote.ElementLocation$ElementFinder$2.findElement(ElementLocation.java:162)
at org.openqa.selenium.remote.ElementLocation.findElement(ElementLocation.java:60)
at org.openqa.selenium.remote.RemoteWebDriver.findElement(RemoteWebDriver.java:365)
at org.openqa.selenium.remote.RemoteWebDriver.findElement(RemoteWebDriver.java:357)
at org.openqa.selenium.support.pagefactory.DefaultElementLocator.findElement(DefaultElementLocator.java:70)
at org.openqa.selenium.support.pagefactory.internal.LocatingElementHandler.invoke(LocatingElementHandler.java:39)
at com.sun.proxy.$Proxy18.isDisplayed(Unknown Source)
at org.openqa.selenium.support.ui.ExpectedConditions.elementIfVisible(ExpectedConditions.java:307)
at org.openqa.selenium.support.ui.ExpectedConditions.access$000(ExpectedConditions.java:40)
at org.openqa.selenium.support.ui.ExpectedConditions$10.apply(ExpectedConditions.java:293)
at org.openqa.selenium.support.ui.ExpectedConditions$10.apply(ExpectedConditions.java:290)
at org.openqa.selenium.support.ui.ExpectedConditions$23.apply(ExpectedConditions.java:660)
at org.openqa.selenium.support.ui.ExpectedConditions$23.apply(ExpectedConditions.java:656)
at org.openqa.selenium.support.ui.FluentWait.until(FluentWait.java:208)
... 32 more
]]>
            </full-stacktrace>
          </exception> <!-- org.openqa.selenium.TimeoutException -->
          <reporter-output>
          </reporter-output>
        </test-method> <!-- ClickOnToogleMenu -->
        <test-method is-config="true" signature="close()[pri:0, instance:PSSTestRunner.PSSTestRunner@465232e9]" started-at="2022-10-02T11:22:37Z" name="close" finished-at="2022-10-02T11:22:37Z" duration-ms="183" status="PASS">
          <reporter-output>
          </reporter-output>
        </test-method> <!-- close -->
        <test-method signature="ClickOnRole()[pri:2, instance:PSSTestRunner.PSSTestRunner@465232e9]" started-at="2022-10-02T11:22:37Z" name="ClickOnRole" description="Click on toogle menu test case" finished-at="2022-10-02T11:22:37Z" depends-on-methods="PSSTestRunner.PSSTestRunner.ClickOnToogleMenu, PSSTestRunner.PSSTestRunner.LogInToThePSSAdmin" duration-ms="0" status="SKIP">
          <exception class="java.lang.Throwable">
            <message>
              <![CDATA[Method PSSTestRunner.ClickOnRole()[pri:2, instance:PSSTestRunner.PSSTestRunner@465232e9] depends on not successfully finished methods]]>
            </message>
            <full-stacktrace>
              <![CDATA[java.lang.Throwable: Method PSSTestRunner.ClickOnRole()[pri:2, instance:PSSTestRunner.PSSTestRunner@465232e9] depends on not successfully finished methods
at org.testng.internal.Invoker.invokeTestMethods(Invoker.java:888)
at org.testng.internal.TestMethodWorker.invokeTestMethods(TestMethodWorker.java:125)
at org.testng.internal.TestMethodWorker.run(TestMethodWorker.java:109)
at org.testng.TestRunner.privateRun(TestRunner.java:648)
at org.testng.TestRunner.run(TestRunner.java:505)
at org.testng.SuiteRunner.runTest(SuiteRunner.java:455)
at org.testng.SuiteRunner.runSequentially(SuiteRunner.java:450)
at org.testng.SuiteRunner.privateRun(SuiteRunner.java:415)
at org.testng.SuiteRunner.run(SuiteRunner.java:364)
at org.testng.SuiteRunnerWorker.runSuite(SuiteRunnerWorker.java:52)
at org.testng.SuiteRunnerWorker.run(SuiteRunnerWorker.java:84)
at org.testng.TestNG.runSuitesSequentially(TestNG.java:1208)
at org.testng.TestNG.runSuitesLocally(TestNG.java:1137)
at org.testng.TestNG.runSuites(TestNG.java:1049)
at org.testng.TestNG.run(TestNG.java:1017)
at org.apache.maven.surefire.testng.TestNGExecutor.run(TestNGExecutor.java:284)
at org.apache.maven.surefire.testng.TestNGXmlTestSuite.execute(TestNGXmlTestSuite.java:75)
at org.apache.maven.surefire.testng.TestNGProvider.invoke(TestNGProvider.java:119)
at org.apache.maven.surefire.booter.ForkedBooter.runSuitesInProcess(ForkedBooter.java:428)
at org.apache.maven.surefire.booter.ForkedBooter.execute(ForkedBooter.java:162)
at org.apache.maven.surefire.booter.ForkedBooter.run(ForkedBooter.java:562)
at org.apache.maven.surefire.booter.ForkedBooter.main(ForkedBooter.java:548)
]]>
            </full-stacktrace>
          </exception> <!-- java.lang.Throwable -->
          <reporter-output>
          </reporter-output>
        </test-method> <!-- ClickOnRole -->
        <test-method is-config="true" signature="endSuite(java.lang.String, java.lang.String, java.lang.String, java.lang.String, java.lang.String)[pri:0, instance:PSSTestRunner.PSSTestRunner@465232e9]" started-at="2022-10-02T11:22:38Z" name="endSuite" finished-at="2022-10-02T11:22:43Z" duration-ms="5188" status="PASS">
          <params>
            <param index="0">
              <value>
                <![CDATA[origin/working]]>
              </value>
            </param>
            <param index="1">
              <value>
                <![CDATA[PSS Admin Regression Test Result on ]]>
              </value>
            </param>
            <param index="2">
              <value>
                <![CDATA[dcs.selenium.report@gmail.com]]>
              </value>
            </param>
            <param index="3">
              <value>
                <![CDATA[lmsbruovggrocqxk]]>
              </value>
            </param>
            <param index="4">
              <value>
                <![CDATA[vikasithasouth@gmail.com]]>
              </value>
            </param>
          </params>
          <reporter-output>
          </reporter-output>
        </test-method> <!-- endSuite -->
      </class> <!-- PSSTestRunner.PSSTestRunner -->
    </test> <!-- Sub_Suite_1 -->
  </suite> <!-- Test_Suite -->
</testng-results>
